operator new
Example()
~Example()
operator delete
operator new[]
Example()
Example()
Example()
Example()
Example()
Example()
Example()
Example()
Example()
Example()
Example()
Example()
Example()
Example()
Example()
Example()
Example()
Example()
Example()
Example()
Example()
Example()
Example()
Example()
Example()
Example()
~Example()
~Example()
~Example()
~Example()
~Example()
~Example()
~Example()
~Example()
~Example()
~Example()
~Example()
~Example()
~Example()
~Example()
~Example()
~Example()
~Example()
~Example()
~Example()
~Example()
~Example()
~Example()
~Example()
~Example()
~Example()
~Example()
operator delete[]
